#
# A fatal error has been detected by the Java Runtime Environment:
#
#  EXCEPTION_ACCESS_VIOLATION (0xc0000005) at pc=0x00007ffff8233936, pid=14396, tid=1248
#
# JRE version: Java(TM) SE Runtime Environment 18.9 (11.0.7+8) (build 11.0.7+8-LTS)
# Java VM: Java HotSpot(TM) 64-Bit Server VM 18.9 (11.0.7+8-LTS, mixed mode, tiered, compressed oops, g1 gc, windows-amd64)
# Problematic frame:
# V  [jvm.dll+0x6f3936]
#
# No core dump will be written. Minidumps are not enabled by default on client versions of Windows
#
# If you would like to submit a bug report, please visit:
#   https://bugreport.java.com/bugreport/crash.jsp
#

---------------  S U M M A R Y ------------

Command Line: -Dcom.sun.management.jmxremote -Dcom.sun.management.jmxremote.port=63576 -Dcom.sun.management.jmxremote.authenticate=false -Dcom.sun.management.jmxremote.ssl=false -Djava.rmi.server.hostname=localhost -Dspring.jmx.enabled=true -Dspring.application.admin.enabled=true -XX:TieredStopAtLevel=1 -Dspring.boot.project.name=AccountingService -Dfile.encoding=UTF-8 com.ros.accounting.AccountingServiceApplication --spring.output.ansi.enabled=always

Host: Intel(R) Core(TM) i5-4300M CPU @ 2.60GHz, 4 cores, 7G,  Windows 10 , 64 bit Build 19041 (10.0.19041.928)
Time: Tue Apr 27 18:32:08 2021 India Standard Time elapsed time: 1 seconds (0d 0h 0m 1s)

---------------  T H R E A D  ---------------

Current thread (0x000001fb54084000):  WatcherThread [stack: 0x000000df62700000,0x000000df62800000] [id=1248]

Stack: [0x000000df62700000,0x000000df62800000],  sp=0x000000df627ff500,  free space=1021k
Native frames: (J=compiled Java code, j=interpreted, Vv=VM code, C=native code)
V  [jvm.dll+0x6f3936]
V  [jvm.dll+0x73fc7d]
V  [jvm.dll+0x765fe9]
V  [VERSION.dll+0x75e875]
V  [jvm.dll+0x660b26]
C  [ucrtbase.dll+0x21bb2]
C  [KERNEL32.DLL+0x17034]
C  [ntdll.dll+0x52651]


siginfo: EXCEPTION_ACCESS_VIOLATION (0xc0000005), reading address 0x0000000400000003


Register to memory mapping:

RIP=0x00007ffff8233936 jvm.dll
RAX=0x0000000400000003 is an unknown value
RBX=0x0 is NULL
RCX=0x000001fb54073e90 points into unknown readable memory: e8 4a 44 f8 ff 7f 00 00
RDX=0x0000000000000040 is an unknown value
RSP=0x000000df627ff500 points into unknown readable memory: 00 40 08 54 fb 01 00 00
RBP=0x0000000000000002 is an unknown value
RSI=0x000001fb53fdb750 points into unknown readable memory: 03 00 00 00 04 00 00 00
RDI=0x0000000000000001 is an unknown value
R8 =0x0 is NULL
R9 =0x000001fb3c0e0b80 is at begin+0 in a stub
StubRoutines::atomic_cmpxchg_long [0x000001fb3c0e0b80, 0x000001fb3c0e0b89[ (9 bytes)
R10=0x0000000000000001 is an unknown value
R11=0x00000486870b78c6 is an unknown value
R12=0x0 is NULL
R13=0x000001fb54084000 points into unknown readable memory: 18 92 44 f8 ff 7f 00 00
R14=0x0000000000000040 is an unknown value
R15=0x000001fb53e91030 points into unknown readable memory: 00 00 00 00 00 00 00 00


Registers:
RAX=0x0000000400000003, RBX=0x0000000000000000, RCX=0x000001fb54073e90, RDX=0x0000000000000040
RSP=0x000000df627ff500, RBP=0x0000000000000002, RSI=0x000001fb53fdb750, RDI=0x0000000000000001
R8 =0x0000000000000000, R9 =0x000001fb3c0e0b80, R10=0x0000000000000001, R11=0x00000486870b78c6
R12=0x0000000000000000, R13=0x000001fb54084000, R14=0x0000000000000040, R15=0x000001fb53e91030
RIP=0x00007ffff8233936, EFLAGS=0x0000000000010246

Top of Stack: (sp=0x000000df627ff500)
0x000000df627ff500:   000001fb54084000 000001fb54084000
0x000000df627ff510:   00028f09c4f5b66c 00007ffff81742d9
0x000000df627ff520:   00007ffff85eabc8 00007ffff827fc7d
0x000000df627ff530:   000001fb325067c0 000001fb325067c0
0x000000df627ff540:   000001fb325067c0 431bde82d7b634db
0x000000df627ff550:   000001fb53e91030 00028f09c4f5b66c
0x000000df627ff560:   000001fb325067c0 00007ffff82a5fe9
0x000000df627ff570:   0000000000000001 0000000000000040
0x000000df627ff580:   0000000000000032 0000000000000002
0x000000df627ff590:   0000000000000000 0000000000000000
0x000000df627ff5a0:   0000000000000000 0000000000000000
0x000000df627ff5b0:   0000000000000000 0000000000000000
0x000000df627ff5c0:   0000000000000000 0000000000000000
0x000000df627ff5d0:   000001fb54084000 0000000000000000
0x000000df627ff5e0:   0000000000100000 000000df627ff9b0
0x000000df627ff5f0:   000000df62700000 00007ffff829e875 

Instructions: (pc=0x00007ffff8233936)
0x00007ffff8233916:   cc cc cc cc cc cc cc cc cc cc 48 89 5c 24 10 56
0x00007ffff8233926:   48 83 ec 20 48 8b 35 67 23 3b 00 33 db 48 8b 06
0x00007ffff8233936:   39 18 7e 27 48 89 7c 24 30 8b fb 48 8b 40 18 48
0x00007ffff8233946:   8b 0c 07 48 8b 01 ff 50 08 48 8b 06 48 8d 7f 08 


Stack slot to memory mapping:
stack at sp + 0 slots: 0x000001fb54084000 points into unknown readable memory: 18 92 44 f8 ff 7f 00 00
stack at sp + 1 slots: 0x000001fb54084000 points into unknown readable memory: 18 92 44 f8 ff 7f 00 00
stack at sp + 2 slots: 0x00028f09c4f5b66c is an unknown value
stack at sp + 3 slots: 0x00007ffff81742d9 jvm.dll
stack at sp + 4 slots: 0x00007ffff85eabc8 jvm.dll
stack at sp + 5 slots: 0x00007ffff827fc7d jvm.dll
stack at sp + 6 slots: 0x000001fb325067c0 points into unknown readable memory: 01 00 00 00 00 00 00 00
stack at sp + 7 slots: 0x000001fb325067c0 points into unknown readable memory: 01 00 00 00 00 00 00 00


---------------  P R O C E S S  ---------------

Threads class SMR info:
_java_thread_list=0x000001fb5402a600, length=12, elements={
0x000001fb32507800, 0x000001fb526a9800, 0x000001fb526b2800, 0x000001fb53032800,
0x000001fb526c0000, 0x000001fb526c3800, 0x000001fb526cd000, 0x000001fb531cc000,
0x000001fb53247800, 0x000001fb53fdc800, 0x000001fb53ff1800, 0x000001fb54082800
}

Java Threads: ( => current thread )
  0x000001fb32507800 JavaThread "main" [_thread_in_Java, id=7040, stack(0x000000df61300000,0x000000df61400000)]
  0x000001fb526a9800 JavaThread "Reference Handler" daemon [_thread_blocked, id=11224, stack(0x000000df61a00000,0x000000df61b00000)]
  0x000001fb526b2800 JavaThread "Finalizer" daemon [_thread_blocked, id=7336, stack(0x000000df61b00000,0x000000df61c00000)]
  0x000001fb53032800 JavaThread "Signal Dispatcher" daemon [_thread_blocked, id=13376, stack(0x000000df61c00000,0x000000df61d00000)]
  0x000001fb526c0000 JavaThread "Attach Listener" daemon [_thread_blocked, id=8100, stack(0x000000df61d00000,0x000000df61e00000)]
  0x000001fb526c3800 JavaThread "C1 CompilerThread0" daemon [_thread_in_native, id=16944, stack(0x000000df61e00000,0x000000df61f00000)]
  0x000001fb526cd000 JavaThread "Sweeper thread" daemon [_thread_blocked, id=12440, stack(0x000000df61f00000,0x000000df62000000)]
  0x000001fb531cc000 JavaThread "Common-Cleaner" daemon [_thread_blocked, id=18100, stack(0x000000df62000000,0x000000df62100000)]
  0x000001fb53247800 JavaThread "Service Thread" daemon [_thread_blocked, id=7744, stack(0x000000df62100000,0x000000df62200000)]
  0x000001fb53fdc800 JavaThread "RMI TCP Accept-0" daemon [_thread_in_native, id=2296, stack(0x000000df62400000,0x000000df62500000)]
  0x000001fb53ff1800 JavaThread "RMI TCP Accept-63576" daemon [_thread_in_native, id=19228, stack(0x000000df62500000,0x000000df62600000)]
  0x000001fb54082800 JavaThread "RMI TCP Accept-0" daemon [_thread_in_native, id=18408, stack(0x000000df62600000,0x000000df62700000)]

Other Threads:
  0x000001fb52684000 VMThread "VM Thread" [stack: 0x000000df61900000,0x000000df61a00000] [id=15788]
=>0x000001fb54084000 WatcherThread [stack: 0x000000df62700000,0x000000df62800000] [id=1248]
  0x000001fb3251f800 GCTaskThread "GC Thread#0" [stack: 0x000000df61400000,0x000000df61500000] [id=20648]
  0x000001fb53afa800 GCTaskThread "GC Thread#1" [stack: 0x000000df62300000,0x000000df62400000] [id=16844]
  0x000001fb32551000 ConcurrentGCThread "G1 Main Marker" [stack: 0x000000df61500000,0x000000df61600000] [id=10656]
  0x000001fb32553800 ConcurrentGCThread "G1 Conc#0" [stack: 0x000000df61600000,0x000000df61700000] [id=14584]
  0x000001fb325cf800 ConcurrentGCThread "G1 Refine#0" [stack: 0x000000df61700000,0x000000df61800000] [id=20628]
  0x000001fb325d0800 ConcurrentGCThread "G1 Young RemSet Sampling" [stack: 0x000000df61800000,0x000000df61900000] [id=14804]

Threads with active compile tasks:

VM state:not at safepoint (normal execution)

VM Mutex/Monitor currently owned by a thread:  ([mutex/lock_event])
[0x000001fb325067c0] PeriodicTask_lock - owner thread: 0x000001fb54084000

Heap address: 0x0000000084e00000, size: 1970 MB, Compressed Oops mode: 32-bit
Narrow klass base: 0x0000000000000000, Narrow klass shift: 3
Compressed class space size: 1073741824 Address: 0x0000000100000000

Heap:
 garbage-first heap   total 126976K, used 24785K [0x0000000084e00000, 0x0000000100000000)
  region size 1024K, 14 young (14336K), 2 survivors (2048K)
 Metaspace       used 13017K, capacity 13304K, committed 13568K, reserved 1060864K
  class space    used 1375K, capacity 1503K, committed 1536K, reserved 1048576K
Heap Regions: E=young(eden), S=young(survivor), O=old, HS=humongous(starts), HC=humongous(continues), CS=collection set, F=free, A=archive, TAMS=top-at-mark-start (previous, next)
|   0|0x0000000084e00000, 0x0000000084f00000, 0x0000000084f00000|100%|HS|  |TAMS 0x0000000084e00000, 0x0000000084e00000| Complete 
|   1|0x0000000084f00000, 0x0000000085000000, 0x0000000085000000|100%| O|  |TAMS 0x0000000084f00000, 0x0000000084f00000| Untracked 
|   2|0x0000000085000000, 0x0000000085100000, 0x0000000085100000|100%| O|  |TAMS 0x0000000085000000, 0x0000000085000000| Untracked 
|   3|0x0000000085100000, 0x0000000085200000, 0x0000000085200000|100%| O|  |TAMS 0x0000000085100000, 0x0000000085100000| Untracked 
|   4|0x0000000085200000, 0x0000000085300000, 0x0000000085300000|100%| O|  |TAMS 0x0000000085200000, 0x0000000085200000| Untracked 
|   5|0x0000000085300000, 0x0000000085400000, 0x0000000085400000|100%| O|  |TAMS 0x0000000085300000, 0x0000000085300000| Untracked 
|   6|0x0000000085400000, 0x0000000085500000, 0x0000000085500000|100%| O|  |TAMS 0x0000000085400000, 0x0000000085400000| Untracked 
|   7|0x0000000085500000, 0x0000000085600000, 0x0000000085600000|100%| O|  |TAMS 0x0000000085500000, 0x0000000085500000| Untracked 
|   8|0x0000000085600000, 0x0000000085700000, 0x0000000085700000|100%| O|  |TAMS 0x0000000085600000, 0x0000000085600000| Untracked 
|   9|0x0000000085700000, 0x0000000085800000, 0x0000000085800000|100%| O|  |TAMS 0x0000000085700000, 0x0000000085700000| Untracked 
|  10|0x0000000085800000, 0x0000000085900000, 0x0000000085900000|100%| O|  |TAMS 0x0000000085800000, 0x0000000085800000| Untracked 
|  11|0x0000000085900000, 0x0000000085934600, 0x0000000085a00000| 20%| O|  |TAMS 0x0000000085900000, 0x0000000085900000| Untracked 
|  12|0x0000000085a00000, 0x0000000085a00000, 0x0000000085b00000|  0%| F|  |TAMS 0x0000000085a00000, 0x0000000085a00000| Untracked 
|  13|0x0000000085b00000, 0x0000000085b00000, 0x0000000085c00000|  0%| F|  |TAMS 0x0000000085b00000, 0x0000000085b00000| Untracked 
|  14|0x0000000085c00000, 0x0000000085c00000, 0x0000000085d00000|  0%| F|  |TAMS 0x0000000085c00000, 0x0000000085c00000| Untracked 
|  15|0x0000000085d00000, 0x0000000085d00000, 0x0000000085e00000|  0%| F|  |TAMS 0x0000000085d00000, 0x0000000085d00000| Untracked 
|  16|0x0000000085e00000, 0x0000000085e00000, 0x0000000085f00000|  0%| F|  |TAMS 0x0000000085e00000, 0x0000000085e00000| Untracked 
|  17|0x0000000085f00000, 0x0000000085f00000, 0x0000000086000000|  0%| F|  |TAMS 0x0000000085f00000, 0x0000000085f00000| Untracked 
|  18|0x0000000086000000, 0x0000000086000000, 0x0000000086100000|  0%| F|  |TAMS 0x0000000086000000, 0x0000000086000000| Untracked 
|  19|0x0000000086100000, 0x0000000086100000, 0x0000000086200000|  0%| F|  |TAMS 0x0000000086100000, 0x0000000086100000| Untracked 
|  20|0x0000000086200000, 0x0000000086200000, 0x0000000086300000|  0%| F|  |TAMS 0x0000000086200000, 0x0000000086200000| Untracked 
|  21|0x0000000086300000, 0x0000000086300000, 0x0000000086400000|  0%| F|  |TAMS 0x0000000086300000, 0x0000000086300000| Untracked 
|  22|0x0000000086400000, 0x0000000086400000, 0x0000000086500000|  0%| F|  |TAMS 0x0000000086400000, 0x0000000086400000| Untracked 
|  23|0x0000000086500000, 0x0000000086500000, 0x0000000086600000|  0%| F|  |TAMS 0x0000000086500000, 0x0000000086500000| Untracked 
|  24|0x0000000086600000, 0x0000000086600000, 0x0000000086700000|  0%| F|  |TAMS 0x0000000086600000, 0x0000000086600000| Untracked 
|  25|0x0000000086700000, 0x0000000086700000, 0x0000000086800000|  0%| F|  |TAMS 0x0000000086700000, 0x0000000086700000| Untracked 
|  26|0x0000000086800000, 0x0000000086800000, 0x0000000086900000|  0%| F|  |TAMS 0x0000000086800000, 0x0000000086800000| Untracked 
|  27|0x0000000086900000, 0x0000000086900000, 0x0000000086a00000|  0%| F|  |TAMS 0x0000000086900000, 0x0000000086900000| Untracked 
|  28|0x0000000086a00000, 0x0000000086a00000, 0x0000000086b00000|  0%| F|  |TAMS 0x0000000086a00000, 0x0000000086a00000| Untracked 
|  29|0x0000000086b00000, 0x0000000086b00000, 0x0000000086c00000|  0%| F|  |TAMS 0x0000000086b00000, 0x0000000086b00000| Untracked 
|  30|0x0000000086c00000, 0x0000000086c00000, 0x0000000086d00000|  0%| F|  |TAMS 0x0000000086c00000, 0x0000000086c00000| Untracked 
|  31|0x0000000086d00000, 0x0000000086d00000, 0x0000000086e00000|  0%| F|  |TAMS 0x0000000086d00000, 0x0000000086d00000| Untracked 
|  32|0x0000000086e00000, 0x0000000086e00000, 0x0000000086f00000|  0%| F|  |TAMS 0x0000000086e00000, 0x0000000086e00000| Untracked 
|  33|0x0000000086f00000, 0x0000000086f00000, 0x0000000087000000|  0%| F|  |TAMS 0x0000000086f00000, 0x0000000086f00000| Untracked 
|  34|0x0000000087000000, 0x0000000087000000, 0x0000000087100000|  0%| F|  |TAMS 0x0000000087000000, 0x0000000087000000| Untracked 
|  35|0x0000000087100000, 0x0000000087100000, 0x0000000087200000|  0%| F|  |TAMS 0x0000000087100000, 0x0000000087100000| Untracked 
|  36|0x0000000087200000, 0x0000000087200000, 0x0000000087300000|  0%| F|  |TAMS 0x0000000087200000, 0x0000000087200000| Untracked 
|  37|0x0000000087300000, 0x0000000087300000, 0x0000000087400000|  0%| F|  |TAMS 0x0000000087300000, 0x0000000087300000| Untracked 
|  38|0x0000000087400000, 0x0000000087400000, 0x0000000087500000|  0%| F|  |TAMS 0x0000000087400000, 0x0000000087400000| Untracked 
|  39|0x0000000087500000, 0x0000000087500000, 0x0000000087600000|  0%| F|  |TAMS 0x0000000087500000, 0x0000000087500000| Untracked 
|  40|0x0000000087600000, 0x0000000087600000, 0x0000000087700000|  0%| F|  |TAMS 0x0000000087600000, 0x0000000087600000| Untracked 
|  41|0x0000000087700000, 0x0000000087700000, 0x0000000087800000|  0%| F|  |TAMS 0x0000000087700000, 0x0000000087700000| Untracked 
|  42|0x0000000087800000, 0x0000000087800000, 0x0000000087900000|  0%| F|  |TAMS 0x0000000087800000, 0x0000000087800000| Untracked 
|  43|0x0000000087900000, 0x0000000087900000, 0x0000000087a00000|  0%| F|  |TAMS 0x0000000087900000, 0x0000000087900000| Untracked 
|  44|0x0000000087a00000, 0x0000000087a00000, 0x0000000087b00000|  0%| F|  |TAMS 0x0000000087a00000, 0x0000000087a00000| Untracked 
|  45|0x0000000087b00000, 0x0000000087b00000, 0x0000000087c00000|  0%| F|  |TAMS 0x0000000087b00000, 0x0000000087b00000| Untracked 
|  46|0x0000000087c00000, 0x0000000087c00000, 0x0000000087d00000|  0%| F|  |TAMS 0x0000000087c00000, 0x0000000087c00000| Untracked 
|  47|0x0000000087d00000, 0x0000000087d00000, 0x0000000087e00000|  0%| F|  |TAMS 0x0000000087d00000, 0x0000000087d00000| Untracked 
|  48|0x0000000087e00000, 0x0000000087e00000, 0x0000000087f00000|  0%| F|  |TAMS 0x0000000087e00000, 0x0000000087e00000| Untracked 
|  49|0x0000000087f00000, 0x0000000087f00000, 0x0000000088000000|  0%| F|  |TAMS 0x0000000087f00000, 0x0000000087f00000| Untracked 
|  50|0x0000000088000000, 0x0000000088000000, 0x0000000088100000|  0%| F|  |TAMS 0x0000000088000000, 0x0000000088000000| Untracked 
|  51|0x0000000088100000, 0x0000000088100000, 0x0000000088200000|  0%| F|  |TAMS 0x0000000088100000, 0x0000000088100000| Untracked 
|  52|0x0000000088200000, 0x0000000088200000, 0x0000000088300000|  0%| F|  |TAMS 0x0000000088200000, 0x0000000088200000| Untracked 
|  53|0x0000000088300000, 0x0000000088300000, 0x0000000088400000|  0%| F|  |TAMS 0x0000000088300000, 0x0000000088300000| Untracked 
|  54|0x0000000088400000, 0x0000000088400000, 0x0000000088500000|  0%| F|  |TAMS 0x0000000088400000, 0x0000000088400000| Untracked 
|  55|0x0000000088500000, 0x0000000088500000, 0x0000000088600000|  0%| F|  |TAMS 0x0000000088500000, 0x0000000088500000| Untracked 
|  56|0x0000000088600000, 0x0000000088600000, 0x0000000088700000|  0%| F|  |TAMS 0x0000000088600000, 0x0000000088600000| Untracked 
|  57|0x0000000088700000, 0x0000000088700000, 0x0000000088800000|  0%| F|  |TAMS 0x0000000088700000, 0x0000000088700000| Untracked 
|  58|0x0000000088800000, 0x0000000088800000, 0x0000000088900000|  0%| F|  |TAMS 0x0000000088800000, 0x0000000088800000| Untracked 
|  59|0x0000000088900000, 0x0000000088900000, 0x0000000088a00000|  0%| F|  |TAMS 0x0000000088900000, 0x0000000088900000| Untracked 
|  60|0x0000000088a00000, 0x0000000088a00000, 0x0000000088b00000|  0%| F|  |TAMS 0x0000000088a00000, 0x0000000088a00000| Untracked 
|  61|0x0000000088b00000, 0x0000000088b00000, 0x0000000088c00000|  0%| F|  |TAMS 0x0000000088b00000, 0x0000000088b00000| Untracked 
|  62|0x0000000088c00000, 0x0000000088c00000, 0x0000000088d00000|  0%| F|  |TAMS 0x0000000088c00000, 0x0000000088c00000| Untracked 
|  63|0x0000000088d00000, 0x0000000088d00000, 0x0000000088e00000|  0%| F|  |TAMS 0x0000000088d00000, 0x0000000088d00000| Untracked 
|  64|0x0000000088e00000, 0x0000000088e00000, 0x0000000088f00000|  0%| F|  |TAMS 0x0000000088e00000, 0x0000000088e00000| Untracked 
|  65|0x0000000088f00000, 0x0000000088f00000, 0x0000000089000000|  0%| F|  |TAMS 0x0000000088f00000, 0x0000000088f00000| Untracked 
|  66|0x0000000089000000, 0x0000000089000000, 0x0000000089100000|  0%| F|  |TAMS 0x0000000089000000, 0x0000000089000000| Untracked 
|  67|0x0000000089100000, 0x0000000089100000, 0x0000000089200000|  0%| F|  |TAMS 0x0000000089100000, 0x0000000089100000| Untracked 
|  68|0x0000000089200000, 0x0000000089200000, 0x0000000089300000|  0%| F|  |TAMS 0x0000000089200000, 0x0000000089200000| Untracked 
|  69|0x0000000089300000, 0x0000000089300000, 0x0000000089400000|  0%| F|  |TAMS 0x0000000089300000, 0x0000000089300000| Untracked 
|  70|0x0000000089400000, 0x0000000089400000, 0x0000000089500000|  0%| F|  |TAMS 0x0000000089400000, 0x0000000089400000| Untracked 
|  71|0x0000000089500000, 0x0000000089500000, 0x0000000089600000|  0%| F|  |TAMS 0x0000000089500000, 0x0000000089500000| Untracked 
|  72|0x0000000089600000, 0x0000000089600000, 0x0000000089700000|  0%| F|  |TAMS 0x0000000089600000, 0x0000000089600000| Untracked 
|  73|0x0000000089700000, 0x0000000089700000, 0x0000000089800000|  0%| F|  |TAMS 0x0000000089700000, 0x0000000089700000| Untracked 
|  74|0x0000000089800000, 0x0000000089800000, 0x0000000089900000|  0%| F|  |TAMS 0x0000000089800000, 0x0000000089800000| Untracked 
|  75|0x0000000089900000, 0x0000000089900000, 0x0000000089a00000|  0%| F|  |TAMS 0x0000000089900000, 0x0000000089900000| Untracked 
|  76|0x0000000089a00000, 0x0000000089a00000, 0x0000000089b00000|  0%| F|  |TAMS 0x0000000089a00000, 0x0000000089a00000| Untracked 
|  77|0x0000000089b00000, 0x0000000089b00000, 0x0000000089c00000|  0%| F|  |TAMS 0x0000000089b00000, 0x0000000089b00000| Untracked 
|  78|0x0000000089c00000, 0x0000000089c00000, 0x0000000089d00000|  0%| F|  |TAMS 0x0000000089c00000, 0x0000000089c00000| Untracked 
|  79|0x0000000089d00000, 0x0000000089d00000, 0x0000000089e00000|  0%| F|  |TAMS 0x0000000089d00000, 0x0000000089d00000| Untracked 
|  80|0x0000000089e00000, 0x0000000089e00000, 0x0000000089f00000|  0%| F|  |TAMS 0x0000000089e00000, 0x0000000089e00000| Untracked 
|  81|0x0000000089f00000, 0x0000000089f00000, 0x000000008a000000|  0%| F|  |TAMS 0x0000000089f00000, 0x0000000089f00000| Untracked 
|  82|0x000000008a000000, 0x000000008a000000, 0x000000008a100000|  0%| F|  |TAMS 0x000000008a000000, 0x000000008a000000| Untracked 
|  83|0x000000008a100000, 0x000000008a100000, 0x000000008a200000|  0%| F|  |TAMS 0x000000008a100000, 0x000000008a100000| Untracked 
|  84|0x000000008a200000, 0x000000008a200000, 0x000000008a300000|  0%| F|  |TAMS 0x000000008a200000, 0x000000008a200000| Untracked 
|  85|0x000000008a300000, 0x000000008a300000, 0x000000008a400000|  0%| F|  |TAMS 0x000000008a300000, 0x000000008a300000| Untracked 
|  86|0x000000008a400000, 0x000000008a400000, 0x000000008a500000|  0%| F|  |TAMS 0x000000008a400000, 0x000000008a400000| Untracked 
|  87|0x000000008a500000, 0x000000008a500000, 0x000000008a600000|  0%| F|  |TAMS 0x000000008a500000, 0x000000008a500000| Untracked 
|  88|0x000000008a600000, 0x000000008a600000, 0x000000008a700000|  0%| F|  |TAMS 0x000000008a600000, 0x000000008a600000| Untracked 
|  89|0x000000008a700000, 0x000000008a700000, 0x000000008a800000|  0%| F|  |TAMS 0x000000008a700000, 0x000000008a700000| Untracked 
|  90|0x000000008a800000, 0x000000008a800000, 0x000000008a900000|  0%| F|  |TAMS 0x000000008a800000, 0x000000008a800000| Untracked 
|  91|0x000000008a900000, 0x000000008a900000, 0x000000008aa00000|  0%| F|  |TAMS 0x000000008a900000, 0x000000008a900000| Untracked 
|  92|0x000000008aa00000, 0x000000008aa00000, 0x000000008ab00000|  0%| F|  |TAMS 0x000000008aa00000, 0x000000008aa00000| Untracked 
|  93|0x000000008ab00000, 0x000000008ab00000, 0x000000008ac00000|  0%| F|  |TAMS 0x000000008ab00000, 0x000000008ab00000| Untracked 
|  94|0x000000008ac00000, 0x000000008ac00000, 0x000000008ad00000|  0%| F|  |TAMS 0x000000008ac00000, 0x000000008ac00000| Untracked 
|  95|0x000000008ad00000, 0x000000008ad00000, 0x000000008ae00000|  0%| F|  |TAMS 0x000000008ad00000, 0x000000008ad00000| Untracked 
|  96|0x000000008ae00000, 0x000000008ae00000, 0x000000008af00000|  0%| F|  |TAMS 0x000000008ae00000, 0x000000008ae00000| Untracked 
|  97|0x000000008af00000, 0x000000008af00000, 0x000000008b000000|  0%| F|  |TAMS 0x000000008af00000, 0x000000008af00000| Untracked 
|  98|0x000000008b000000, 0x000000008b000000, 0x000000008b100000|  0%| F|  |TAMS 0x000000008b000000, 0x000000008b000000| Untracked 
|  99|0x000000008b100000, 0x000000008b100000, 0x000000008b200000|  0%| F|  |TAMS 0x000000008b100000, 0x000000008b100000| Untracked 
| 100|0x000000008b200000, 0x000000008b200000, 0x000000008b300000|  0%| F|  |TAMS 0x000000008b200000, 0x000000008b200000| Untracked 
| 101|0x000000008b300000, 0x000000008b300000, 0x000000008b400000|  0%| F|  |TAMS 0x000000008b300000, 0x000000008b300000| Untracked 
| 102|0x000000008b400000, 0x000000008b400000, 0x000000008b500000|  0%| F|  |TAMS 0x000000008b400000, 0x000000008b400000| Untracked 
| 103|0x000000008b500000, 0x000000008b500000, 0x000000008b600000|  0%| F|  |TAMS 0x000000008b500000, 0x000000008b500000| Untracked 
| 104|0x000000008b600000, 0x000000008b600000, 0x000000008b700000|  0%| F|  |TAMS 0x000000008b600000, 0x000000008b600000| Untracked 
| 105|0x000000008b700000, 0x000000008b700000, 0x000000008b800000|  0%| F|  |TAMS 0x000000008b700000, 0x000000008b700000| Untracked 
| 106|0x000000008b800000, 0x000000008b800000, 0x000000008b900000|  0%| F|  |TAMS 0x000000008b800000, 0x000000008b800000| Untracked 
| 107|0x000000008b900000, 0x000000008b900000, 0x000000008ba00000|  0%| F|  |TAMS 0x000000008b900000, 0x000000008b900000| Untracked 
| 108|0x000000008ba00000, 0x000000008ba00000, 0x000000008bb00000|  0%| F|  |TAMS 0x000000008ba00000, 0x000000008ba00000| Untracked 
| 109|0x000000008bb00000, 0x000000008bb00000, 0x000000008bc00000|  0%| F|  |TAMS 0x000000008bb00000, 0x000000008bb00000| Untracked 
| 110|0x000000008bc00000, 0x000000008bc5bf08, 0x000000008bd00000| 35%| E|  |TAMS 0x000000008bc00000, 0x000000008bc00000| Complete 
| 111|0x000000008bd00000, 0x000000008be00000, 0x000000008be00000|100%| E|CS|TAMS 0x000000008bd00000, 0x000000008bd00000| Complete 
| 112|0x000000008be00000, 0x000000008bf00000, 0x000000008bf00000|100%| E|CS|TAMS 0x000000008be00000, 0x000000008be00000| Complete 
| 113|0x000000008bf00000, 0x000000008c000000, 0x000000008c000000|100%| S|CS|TAMS 0x000000008bf00000, 0x000000008bf00000| Complete 
| 114|0x000000008c000000, 0x000000008c100000, 0x000000008c100000|100%| S|CS|TAMS 0x000000008c000000, 0x000000008c000000| Complete 
| 115|0x000000008c100000, 0x000000008c200000, 0x000000008c200000|100%| E|CS|TAMS 0x000000008c100000, 0x000000008c100000| Complete 
| 116|0x000000008c200000, 0x000000008c300000, 0x000000008c300000|100%| E|CS|TAMS 0x000000008c200000, 0x000000008c200000| Complete 
| 117|0x000000008c300000, 0x000000008c400000, 0x000000008c400000|100%| E|CS|TAMS 0x000000008c300000, 0x000000008c300000| Complete 
| 118|0x000000008c400000, 0x000000008c500000, 0x000000008c500000|100%| E|CS|TAMS 0x000000008c400000, 0x000000008c400000| Complete 
| 119|0x000000008c500000, 0x000000008c600000, 0x000000008c600000|100%| E|CS|TAMS 0x000000008c500000, 0x000000008c500000| Complete 
| 120|0x000000008c600000, 0x000000008c700000, 0x000000008c700000|100%| E|CS|TAMS 0x000000008c600000, 0x000000008c600000| Complete 
| 121|0x000000008c700000, 0x000000008c800000, 0x000000008c800000|100%| E|CS|TAMS 0x000000008c700000, 0x000000008c700000| Complete 
| 122|0x000000008c800000, 0x000000008c900000, 0x000000008c900000|100%| E|CS|TAMS 0x000000008c800000, 0x000000008c800000| Complete 
| 123|0x000000008c900000, 0x000000008ca00000, 0x000000008ca00000|100%| E|CS|TAMS 0x000000008c900000, 0x000000008c900000| Complete 

Card table byte_map: [0x000001fb4baf0000,0x000001fb4bed0000] _byte_map_base: 0x000001fb4b6c9000

Marking Bits (Prev, Next): (CMBitMap*) 0x000001fb325475c8, (CMBitMap*) 0x000001fb32547600
 Prev Bits: [0x000001fb4c2b0000, 0x000001fb4e178000)
 Next Bits: [0x000001fb4e180000, 0x000001fb50048000)

Polling page: 0x000001fb325e0000

Metaspace:

Usage:
  Non-class:     11.65 MB capacity,    11.44 MB ( 98%) used,   182.10 KB (  2%) free+waste,    30.63 KB ( <1%) overhead. 
      Class:      1.47 MB capacity,     1.35 MB ( 92%) used,   104.52 KB (  7%) free+waste,    15.13 KB (  1%) overhead. 
       Both:     13.12 MB capacity,    12.79 MB ( 98%) used,   286.63 KB (  2%) free+waste,    45.75 KB ( <1%) overhead. 

Virtual space:
  Non-class space:       12.00 MB reserved,      11.75 MB ( 98%) committed 
      Class space:        1.00 GB reserved,       1.50 MB ( <1%) committed 
             Both:        1.01 GB reserved,      13.25 MB (  1%) committed 

Chunk freelists:
   Non-Class:  4.63 KB
       Class:  0 bytes
        Both:  4.63 KB

CodeHeap 'non-profiled nmethods': size=238912Kb used=1734Kb max_used=1734Kb free=237177Kb
 bounds [0x000001fb3c790000, 0x000001fb3ca00000, 0x000001fb4b0e0000]
CodeHeap 'non-nmethods': size=6848Kb used=1100Kb max_used=1100Kb free=5747Kb
 bounds [0x000001fb3c0e0000, 0x000001fb3c350000, 0x000001fb3c790000]
 total_blobs=1619 nmethods=1198 adapters=332
 compilation: enabled
              stopped_count=0, restarted_count=0
 full_count=0

Compilation events (10 events):
Event: 1.930 Thread 0x000001fb526c3800 nmethod 1118 0x000001fb3c911210 code [0x000001fb3c911400, 0x000001fb3c911870]
Event: 1.930 Thread 0x000001fb526c3800 1115       1       java.util.zip.ZipFile$ZipFileInflaterInputStream::<init> (41 bytes)
Event: 1.930 Thread 0x000001fb526c3800 nmethod 1115 0x000001fb3c911b10 code [0x000001fb3c911ce0, 0x000001fb3c912140]
Event: 1.930 Thread 0x000001fb526c3800 1116       1       java.util.zip.InflaterInputStream::<init> (79 bytes)
Event: 1.930 Thread 0x000001fb526c3800 nmethod 1116 0x000001fb3c912290 code [0x000001fb3c912480, 0x000001fb3c912ac0]
Event: 1.930 Thread 0x000001fb526c3800 1117       1       java.util.zip.ZipFile$InflaterCleanupAction::<init> (15 bytes)
Event: 1.930 Thread 0x000001fb526c3800 nmethod 1117 0x000001fb3c912c10 code [0x000001fb3c912dc0, 0x000001fb3c912f78]
Event: 1.930 Thread 0x000001fb526c3800 1119       1       jdk.internal.ref.CleanerImpl$PhantomCleanableRef::performCleanup (10 bytes)
Event: 1.931 Thread 0x000001fb526c3800 nmethod 1119 0x000001fb3c913010 code [0x000001fb3c9131c0, 0x000001fb3c913310]
Event: 1.931 Thread 0x000001fb526c3800 1113       1       java.util.zip.ZipFile$ZipFileInflaterInputStream::<init> (14 bytes)

GC Heap History (4 events):
Event: 0.749 GC heap before
{Heap before GC invocations=0 (full 0):
 garbage-first heap   total 126976K, used 14336K [0x0000000084e00000, 0x0000000100000000)
  region size 1024K, 14 young (14336K), 0 survivors (0K)
 Metaspace       used 6137K, capacity 6174K, committed 6272K, reserved 1056768K
  class space    used 542K, capacity 567K, committed 640K, reserved 1048576K
}
Event: 0.757 GC heap after
{Heap after GC invocations=1 (full 0):
 garbage-first heap   total 126976K, used 10434K [0x0000000084e00000, 0x0000000100000000)
  region size 1024K, 2 young (2048K), 2 survivors (2048K)
 Metaspace       used 6137K, capacity 6174K, committed 6272K, reserved 1056768K
  class space    used 542K, capacity 567K, committed 640K, reserved 1048576K
}
Event: 0.832 GC heap before
{Heap before GC invocations=1 (full 0):
 garbage-first heap   total 126976K, used 18626K [0x0000000084e00000, 0x0000000100000000)
  region size 1024K, 11 young (11264K), 2 survivors (2048K)
 Metaspace       used 6137K, capacity 6174K, committed 6272K, reserved 1056768K
  class space    used 542K, capacity 567K, committed 640K, reserved 1048576K
}
Event: 0.836 GC heap after
{Heap after GC invocations=2 (full 0):
 garbage-first heap   total 126976K, used 13521K [0x0000000084e00000, 0x0000000100000000)
  region size 1024K, 2 young (2048K), 2 survivors (2048K)
 Metaspace       used 6137K, capacity 6174K, committed 6272K, reserved 1056768K
  class space    used 542K, capacity 567K, committed 640K, reserved 1048576K
}

Deoptimization events (0 events):
No events

Classes redefined (0 events):
No events

Internal exceptions (10 events):
Event: 1.094 Thread 0x000001fb32507800 Exception <a 'java/lang/NoSuchMethodError'{0x000000008c6ccb80}: java.lang.invoke.DirectMethodHandle$Holder.invokeSpecialIFC(Ljava/lang/Object;Ljava/lang/Object;Ljava/lang/Object;)I> (0x000000008c6ccb80) thrown at [./open/src/hotspot/share/interpreter/link
Event: 1.121 Thread 0x000001fb32507800 Exception <a 'java/lang/NoSuchMethodError'{0x000000008c533d40}: java.lang.invoke.DirectMethodHandle$Holder.invokeStatic(Ljava/lang/Object;IIII)Ljava/lang/Object;> (0x000000008c533d40) thrown at [./open/src/hotspot/share/interpreter/linkResolver.cpp, line 
Event: 1.121 Thread 0x000001fb32507800 Exception <a 'java/lang/NoSuchMethodError'{0x000000008c536e58}: java.lang.invoke.DirectMethodHandle$Holder.invokeStaticInit(Ljava/lang/Object;IIII)Ljava/lang/Object;> (0x000000008c536e58) thrown at [./open/src/hotspot/share/interpreter/linkResolver.cpp, l
Event: 1.764 Thread 0x000001fb32507800 Exception <a 'java/lang/NoSuchMethodError'{0x000000008c5d3720}: java.lang.invoke.DirectMethodHandle$Holder.invokeStatic(Ljava/lang/Object;Ljava/lang/Object;IIII)Ljava/lang/Object;> (0x000000008c5d3720) thrown at [./open/src/hotspot/share/interpreter/linkR
Event: 1.765 Thread 0x000001fb32507800 Exception <a 'java/lang/NoSuchMethodError'{0x000000008c5d6a68}: java.lang.invoke.DirectMethodHandle$Holder.invokeStaticInit(Ljava/lang/Object;Ljava/lang/Object;IIII)Ljava/lang/Object;> (0x000000008c5d6a68) thrown at [./open/src/hotspot/share/interpreter/l
Event: 1.778 Thread 0x000001fb32507800 Exception <a 'java/lang/ClassNotFoundException'{0x000000008c5f3fc8}: javax/management/remote/rmi/RMIServerImpl_Skel> (0x000000008c5f3fc8) thrown at [./open/src/hotspot/share/classfile/systemDictionary.cpp, line 228]
Event: 1.844 Thread 0x000001fb32507800 Exception <a 'java/lang/ClassNotFoundException'{0x000000008c4d9928}: jdk/internal/agent/resources/spi/agentProvider> (0x000000008c4d9928) thrown at [./open/src/hotspot/share/classfile/systemDictionary.cpp, line 228]
Event: 1.855 Thread 0x000001fb32507800 Exception <a 'java/lang/NoSuchMethodError'{0x000000008c32f430}: java.lang.invoke.DirectMethodHandle$Holder.invokeStatic(Ljava/lang/Object;Ljava/lang/Object;Ljava/lang/Object;Ljava/lang/Object;Ljava/lang/Object;Ljava/lang/Object;Ljava/lang/Object;Ljava/lan
Event: 1.857 Thread 0x000001fb32507800 Exception <a 'java/lang/NoSuchMethodError'{0x000000008c33bc50}: java.lang.invoke.DirectMethodHandle$Holder.invokeStatic(Ljava/lang/Object;Ljava/lang/Object;Ljava/lang/Object;Ljava/lang/Object;Ljava/lang/Object;Ljava/lang/Object;Ljava/lang/Object;Ljava/lan
Event: 1.859 Thread 0x000001fb32507800 Exception <a 'java/lang/NoSuchMethodError'{0x000000008c355728}: java.lang.invoke.DelegatingMethodHandle$Holder.reinvoke_L(Ljava/lang/Object;ILjava/lang/Object;)Ljava/lang/Object;> (0x000000008c355728) thrown at [./open/src/hotspot/share/interpreter/linkRe

Events (10 events):
Event: 1.928 loading class ch/qos/logback/core/spi/LogbackLock
Event: 1.928 loading class ch/qos/logback/core/spi/LogbackLock done
Event: 1.928 loading class ch/qos/logback/classic/spi/TurboFilterList
Event: 1.928 loading class ch/qos/logback/classic/spi/TurboFilterList done
Event: 1.929 loading class java/lang/IndexOutOfBoundsException
Event: 1.929 loading class java/lang/IndexOutOfBoundsException done
Event: 1.929 loading class ch/qos/logback/classic/spi/LoggerContextVO
Event: 1.929 loading class ch/qos/logback/classic/spi/LoggerContextVO done
Event: 1.930 loading class ch/qos/logback/classic/Logger
Event: 1.930 loading class ch/qos/logback/classic/Logger done


Dynamic libraries:
0x00007ff6ce090000 - 0x00007ff6ce0d7000 	C:\Program Files\Java\jdk-11.0.7\bin\javaw.exe
0x00007ff843470000 - 0x00007ff843665000 	C:\WINDOWS\SYSTEM32\ntdll.dll
0x00007ff842210000 - 0x00007ff8422cd000 	C:\WINDOWS\System32\KERNEL32.DLL
0x00007ff840dc0000 - 0x00007ff841088000 	C:\WINDOWS\System32\KERNELBASE.dll
0x00007ff841f50000 - 0x00007ff841ffc000 	C:\WINDOWS\System32\ADVAPI32.dll
0x00007ff841e50000 - 0x00007ff841eee000 	C:\WINDOWS\System32\msvcrt.dll
0x00007ff841560000 - 0x00007ff8415fb000 	C:\WINDOWS\System32\sechost.dll
0x00007ff841600000 - 0x00007ff84172b000 	C:\WINDOWS\System32\RPCRT4.dll
0x00007ff842400000 - 0x00007ff8425a0000 	C:\WINDOWS\System32\USER32.dll
0x00007ff8412c0000 - 0x00007ff8412e2000 	C:\WINDOWS\System32\win32u.dll
0x00007ff842000000 - 0x00007ff84202a000 	C:\WINDOWS\System32\GDI32.dll
0x00007ff8411b0000 - 0x00007ff8412bb000 	C:\WINDOWS\System32\gdi32full.dll
0x00007ff8410e0000 - 0x00007ff84117d000 	C:\WINDOWS\System32\msvcp_win.dll
0x00007ff841350000 - 0x00007ff841450000 	C:\WINDOWS\System32\ucrtbase.dll
0x00007ff8335f0000 - 0x00007ff83388a000 	C:\WINDOWS\WinSxS\amd64_microsoft.windows.common-controls_6595b64144ccf1df_6.0.19041.844_none_ca00b6081b84eb1d\COMCTL32.dll
0x00007ff834030000 - 0x00007ff83403a000 	C:\WINDOWS\SYSTEM32\VERSION.dll
0x00007ff841730000 - 0x00007ff841760000 	C:\WINDOWS\System32\IMM32.DLL
0x00007ff83a3f0000 - 0x00007ff83a406000 	C:\Program Files\Java\jdk-11.0.7\bin\vcruntime140.dll
0x00007ff8280e0000 - 0x00007ff82818a000 	C:\Program Files\Java\jdk-11.0.7\bin\msvcp140.dll
0x00007ffff7b40000 - 0x00007ffff86a1000 	C:\Program Files\Java\jdk-11.0.7\bin\server\jvm.dll
0x00007ff843420000 - 0x00007ff843428000 	C:\WINDOWS\System32\PSAPI.DLL
0x00007ff836120000 - 0x00007ff836147000 	C:\WINDOWS\SYSTEM32\WINMM.dll
0x00007ff830d20000 - 0x00007ff830d29000 	C:\WINDOWS\SYSTEM32\WSOCK32.dll
0x00007ff842660000 - 0x00007ff8426cb000 	C:\WINDOWS\System32\WS2_32.dll
0x00007ff83eab0000 - 0x00007ff83eac2000 	C:\WINDOWS\SYSTEM32\kernel.appcore.dll
0x00007ff83a3d0000 - 0x00007ff83a3e1000 	C:\Program Files\Java\jdk-11.0.7\bin\verify.dll
0x00007ff830730000 - 0x00007ff830914000 	C:\WINDOWS\SYSTEM32\DBGHELP.DLL
0x00007ff82e820000 - 0x00007ff82e84c000 	C:\WINDOWS\SYSTEM32\dbgcore.DLL
0x00007ff841450000 - 0x00007ff8414d0000 	C:\WINDOWS\System32\bcryptPrimitives.dll
0x00007ff824e40000 - 0x00007ff824e69000 	C:\Program Files\Java\jdk-11.0.7\bin\java.dll
0x00007ff83a2f0000 - 0x00007ff83a2fa000 	C:\Program Files\Java\jdk-11.0.7\bin\jimage.dll
0x00007ff824890000 - 0x00007ff8248a6000 	C:\Program Files\Java\jdk-11.0.7\bin\zip.dll
0x00007ff8427a0000 - 0x00007ff842ee2000 	C:\WINDOWS\System32\SHELL32.dll
0x00007ff83ecb0000 - 0x00007ff83f441000 	C:\WINDOWS\SYSTEM32\windows.storage.dll
0x00007ff8430c0000 - 0x00007ff843415000 	C:\WINDOWS\System32\combase.dll
0x00007ff840550000 - 0x00007ff84057c000 	C:\WINDOWS\SYSTEM32\Wldp.dll
0x00007ff842030000 - 0x00007ff8420de000 	C:\WINDOWS\System32\SHCORE.dll
0x00007ff841ef0000 - 0x00007ff841f45000 	C:\WINDOWS\System32\shlwapi.dll
0x00007ff840af0000 - 0x00007ff840b0f000 	C:\WINDOWS\SYSTEM32\profapi.dll
0x00007ff81bd20000 - 0x00007ff81bd39000 	C:\Program Files\Java\jdk-11.0.7\bin\net.dll
0x00007ff838670000 - 0x00007ff83877b000 	C:\WINDOWS\SYSTEM32\WINHTTP.dll
0x00007ff840330000 - 0x00007ff84039a000 	C:\WINDOWS\system32\mswsock.dll
0x00007ff81bd00000 - 0x00007ff81bd13000 	C:\Program Files\Java\jdk-11.0.7\bin\nio.dll
0x00007ff83a2e0000 - 0x00007ff83a2e9000 	C:\Program Files\Java\jdk-11.0.7\bin\management.dll
0x00007ff824ec0000 - 0x00007ff824ecc000 	C:\Program Files\Java\jdk-11.0.7\bin\management_ext.dll
0x00007ff834520000 - 0x00007ff834537000 	C:\WINDOWS\system32\napinsp.dll
0x00007ff82da60000 - 0x00007ff82da7b000 	C:\WINDOWS\system32\pnrpnsp.dll
0x00007ff83ac70000 - 0x00007ff83ac85000 	C:\WINDOWS\system32\wshbth.dll
0x00007ff83c9c0000 - 0x00007ff83c9dd000 	C:\WINDOWS\system32\NLAapi.dll
0x00007ff83fff0000 - 0x00007ff84002b000 	C:\WINDOWS\SYSTEM32\IPHLPAPI.DLL
0x00007ff840040000 - 0x00007ff84010c000 	C:\WINDOWS\SYSTEM32\DNSAPI.dll
0x00007ff8414d0000 - 0x00007ff8414d8000 	C:\WINDOWS\System32\NSI.dll
0x00007ff82ab00000 - 0x00007ff82ab12000 	C:\WINDOWS\System32\winrnr.dll
0x00007ff838240000 - 0x00007ff83824a000 	C:\Windows\System32\rasadhlp.dll
0x00007ff8383d0000 - 0x00007ff83844f000 	C:\WINDOWS\System32\fwpuclnt.dll
0x00007ff841180000 - 0x00007ff8411a7000 	C:\WINDOWS\System32\bcrypt.dll
0x00007ff8408d0000 - 0x00007ff8408e8000 	C:\WINDOWS\SYSTEM32\CRYPTSP.dll
0x00007ff83fc80000 - 0x00007ff83fcb4000 	C:\WINDOWS\system32\rsaenh.dll
0x00007ff840ab0000 - 0x00007ff840ade000 	C:\WINDOWS\SYSTEM32\USERENV.dll
0x00007ff8404b0000 - 0x00007ff8404bc000 	C:\WINDOWS\SYSTEM32\CRYPTBASE.dll
0x00007ff838290000 - 0x00007ff8382a7000 	C:\WINDOWS\SYSTEM32\dhcpcsvc6.DLL
0x00007ff838270000 - 0x00007ff83828d000 	C:\WINDOWS\SYSTEM32\dhcpcsvc.DLL

dbghelp: loaded successfully - version: 4.0.5 - missing functions: none
symbol engine: initialized successfully - sym options: 0x614 - pdb path: .;C:\Program Files\Java\jdk-11.0.7\bin;C:\WINDOWS\SYSTEM32;C:\WINDOWS\WinSxS\amd64_microsoft.windows.common-controls_6595b64144ccf1df_6.0.19041.844_none_ca00b6081b84eb1d;C:\Program Files\Java\jdk-11.0.7\bin\server

VM Arguments:
jvm_args: -Dcom.sun.management.jmxremote -Dcom.sun.management.jmxremote.port=63576 -Dcom.sun.management.jmxremote.authenticate=false -Dcom.sun.management.jmxremote.ssl=false -Djava.rmi.server.hostname=localhost -Dspring.jmx.enabled=true -Dspring.application.admin.enabled=true -XX:TieredStopAtLevel=1 -Dspring.boot.project.name=AccountingService -Dfile.encoding=UTF-8 
java_command: com.ros.accounting.AccountingServiceApplication --spring.output.ansi.enabled=always
java_class_path (initial): D:\Office\PAS\ROS_ACCOUNTING-SERVICE\Accounting-Service\target\classes;C:\Users\LENOVO\.m2\repository\org\springframework\boot\spring-boot-starter-actuator\2.4.4\spring-boot-starter-actuator-2.4.4.jar;C:\Users\LENOVO\.m2\repository\org\springframework\boot\spring-boot-starter\2.4.4\spring-boot-starter-2.4.4.jar;C:\Users\LENOVO\.m2\repository\org\springframework\boot\spring-boot-starter-logging\2.4.4\spring-boot-starter-logging-2.4.4.jar;C:\Users\LENOVO\.m2\repository\ch\qos\logback\logback-classic\1.2.3\logback-classic-1.2.3.jar;C:\Users\LENOVO\.m2\repository\ch\qos\logback\logback-core\1.2.3\logback-core-1.2.3.jar;C:\Users\LENOVO\.m2\repository\org\apache\logging\log4j\log4j-to-slf4j\2.13.3\log4j-to-slf4j-2.13.3.jar;C:\Users\LENOVO\.m2\repository\org\apache\logging\log4j\log4j-api\2.13.3\log4j-api-2.13.3.jar;C:\Users\LENOVO\.m2\repository\org\slf4j\jul-to-slf4j\1.7.30\jul-to-slf4j-1.7.30.jar;C:\Users\LENOVO\.m2\repository\jakarta\annotation\jakarta.annotation-api\1.3.5\jakarta.annotation-api-1.3.5.jar;C:\Users\LENOVO\.m2\repository\org\yaml\snakeyaml\1.27\snakeyaml-1.27.jar;C:\Users\LENOVO\.m2\repository\org\springframework\boot\spring-boot-actuator-autoconfigure\2.4.4\spring-boot-actuator-autoconfigure-2.4.4.jar;C:\Users\LENOVO\.m2\repository\org\springframework\boot\spring-boot-actuator\2.4.4\spring-boot-actuator-2.4.4.jar;C:\Users\LENOVO\.m2\repository\com\fasterxml\jackson\datatype\jackson-datatype-jsr310\2.11.4\jackson-datatype-jsr310-2.11.4.jar;C:\Users\LENOVO\.m2\repository\io\micrometer\micrometer-core\1.6.5\micrometer-core-1.6.5.jar;C:\Users\LENOVO\.m2\repository\org\hdrhistogram\HdrHistogram\2.1.12\HdrHistogram-2.1.12.jar;C:\Users\LENOVO\.m2\repository\org\latencyutils\LatencyUtils\2.0.3\LatencyUtils-2.0.3.jar;C:\Users\LENOVO\.m2\repository\org\projectlombok\lombok\1.18.18\lombok-1.18.18.jar;C:\Users\LENOVO\.m2\repository\org\springframework\boot\spring-boot-starter-data-jpa\2.4.4\spring-boot-starter-data-jpa-2.4.4.jar;C:\User
Launcher Type: SUN_STANDARD

[Global flags]
     intx CICompilerCount                          = 3                                         {product} {ergonomic}
     uint ConcGCThreads                            = 1                                         {product} {ergonomic}
     uint G1ConcRefinementThreads                  = 4                                         {product} {ergonomic}
   size_t G1HeapRegionSize                         = 1048576                                   {product} {ergonomic}
    uintx GCDrainStackTargetSize                   = 64                                        {product} {ergonomic}
   size_t InitialHeapSize                          = 130023424                                 {product} {ergonomic}
     bool ManagementServer                         = true                                      {product} {command line}
   size_t MarkStackSize                            = 4194304                                   {product} {ergonomic}
   size_t MaxHeapSize                              = 2065694720                                {product} {ergonomic}
   size_t MaxNewSize                               = 1239416832                                {product} {ergonomic}
   size_t MinHeapDeltaBytes                        = 1048576                                   {product} {ergonomic}
    uintx NonNMethodCodeHeapSize                   = 6973028                                {pd product} {ergonomic}
    uintx NonProfiledCodeHeapSize                  = 244685212                              {pd product} {ergonomic}
    uintx ProfiledCodeHeapSize                     = 0                                      {pd product} {ergonomic}
    uintx ReservedCodeCacheSize                    = 251658240                              {pd product} {ergonomic}
     bool SegmentedCodeCache                       = true                                      {product} {ergonomic}
     intx TieredStopAtLevel                        = 1                                         {product} {command line}
     bool UseCompressedClassPointers               = true                                 {lp64_product} {ergonomic}
     bool UseCompressedOops                        = true                                 {lp64_product} {ergonomic}
     bool UseG1GC                                  = true                                      {product} {ergonomic}
     bool UseLargePagesIndividualAllocation        = false                                  {pd product} {ergonomic}

Logging:
Log output configuration:
 #0: stdout all=warning uptime,level,tags
 #1: stderr all=off uptime,level,tags

Environment Variables:
JAVA_HOME=C:\Program Files\Java\jdk1.8.0_131
PATH=D:/Softwares/sts-4.9.0.RELEASE//plugins/org.eclipse.justj.openjdk.hotspot.jre.full.win32.x86_64_15.0.1.v20201027-0507/jre/bin/server;D:/Softwares/sts-4.9.0.RELEASE//plugins/org.eclipse.justj.openjdk.hotspot.jre.full.win32.x86_64_15.0.1.v20201027-0507/jre/bin;C:\Program Files\PuTTY\;C:\Program Files\Amazon\AWSCLIV2\;C:\Program Files\nodejs\;C:\WINDOWS\system32;C:\WINDOWS;C:\WINDOWS\System32\Wbem;C:\WINDOWS\System32\WindowsPowerShell\v1.0\;C:\WINDOWS\System32\OpenSSH\;C:\Program Files\dotnet\;C:\Program Files\Microsoft SQL Server\Client SDK\ODBC\170\Tools\Binn\;C:\Program Files (x86)\dotnet\;C:\Program Files\MySQL\MySQL Shell 8.0\bin\;C:\Users\LENOVO\AppData\Local\Microsoft\WindowsApps;C:\Users\LENOVO\AppData\Local\Programs\Microsoft VS Code\bin;C:\Program Files\Java\jdk1.8.0_131\bin;C:\Windows\System32;C:\Program Files\apache-maven-3.6.3\bin;C:\Windows\Microsoft.NET\Framework\v4.0.30319;C:\Users\LENOVO\AppData\Roaming\npm;C:\Program Files\heroku\bin;C:\Users\LENOVO\.dotnet\tools;D:\Softwares\sts-4.9.0.RELEASE;
USERNAME=LENOVO
OS=Windows_NT
PROCESSOR_IDENTIFIER=Intel64 Family 6 Model 60 Stepping 3, GenuineIntel



---------------  S Y S T E M  ---------------

OS: Windows 10 , 64 bit Build 19041 (10.0.19041.928)

CPU:total 4 (initial active 4) (2 cores per cpu, 2 threads per core) family 6 model 60 stepping 3, cmov, cx8, fxsr, mmx, sse, sse2, sse3, ssse3, sse4.1, sse4.2, popcnt, avx, avx2, aes, clmul, erms, lzcnt, ht, tsc, tscinvbit, bmi1, bmi2, fma

Memory: 4k page, system-wide physical 7878M (665M free)
TotalPageFile size 19786M (AvailPageFile size 7819M)
current process WorkingSet (physical memory assigned to process): 78M, peak: 78M
current process commit charge ("private bytes"): 214M, peak: 214M

vm_info: Java HotSpot(TM) 64-Bit Server VM (11.0.7+8-LTS) for windows-amd64 JRE (11.0.7+8-LTS), built on Mar 12 2020 02:04:32 by "mach5one" with MS VC++ 15.5 (VS2017)

END.
